{"C:\\Users\\Макс\\Desktop\\тестовые\\todo-app\\src\\components\\ui\\apply-icon\\index.tsx": {"path":"C:\\Users\\Макс\\Desktop\\тестовые\\todo-app\\src\\components\\ui\\apply-icon\\index.tsx","statementMap":{"0":{"start":{"line":3,"column":0},"end":{"line":3,"column":46}},"1":{"start":{"line":5,"column":40},"end":{"line":39,"column":null}},"2":{"start":{"line":10,"column":2},"end":{"line":38,"column":null}},"3":{"start":{"line":5,"column":13},"end":{"line":5,"column":40}}},"fnMap":{"0":{"name":"(anonymous_1)","decl":{"start":{"line":5,"column":40},"end":{"line":5,"column":41}},"loc":{"start":{"line":10,"column":2},"end":{"line":38,"column":null}}}},"branchMap":{"0":{"loc":{"start":{"line":8,"column":2},"end":{"line":8,"column":17}},"type":"default-arg","locations":[{"start":{"line":8,"column":9},"end":{"line":8,"column":17}}]}},"s":{"0":1,"1":1,"2":1,"3":1},"f":{"0":1},"b":{"0":[1]}}
,"C:\\Users\\Макс\\Desktop\\тестовые\\todo-app\\src\\components\\ui\\checkbox\\index.tsx": {"path":"C:\\Users\\Макс\\Desktop\\тестовые\\todo-app\\src\\components\\ui\\checkbox\\index.tsx","statementMap":{"0":{"start":{"line":3,"column":0},"end":{"line":3,"column":44}},"1":{"start":{"line":10,"column":43},"end":{"line":14,"column":null}},"2":{"start":{"line":11,"column":2},"end":{"line":13,"column":null}},"3":{"start":{"line":10,"column":13},"end":{"line":10,"column":43}}},"fnMap":{"0":{"name":"(anonymous_1)","decl":{"start":{"line":10,"column":43},"end":{"line":10,"column":44}},"loc":{"start":{"line":11,"column":2},"end":{"line":13,"column":null}}}},"branchMap":{},"s":{"0":1,"1":1,"2":2,"3":1},"f":{"0":2},"b":{}}
,"C:\\Users\\Макс\\Desktop\\тестовые\\todo-app\\src\\components\\ui\\delete-icon\\index.tsx": {"path":"C:\\Users\\Макс\\Desktop\\тестовые\\todo-app\\src\\components\\ui\\delete-icon\\index.tsx","statementMap":{"0":{"start":{"line":3,"column":0},"end":{"line":3,"column":47}},"1":{"start":{"line":5,"column":41},"end":{"line":41,"column":null}},"2":{"start":{"line":10,"column":2},"end":{"line":40,"column":null}},"3":{"start":{"line":5,"column":13},"end":{"line":5,"column":41}}},"fnMap":{"0":{"name":"(anonymous_1)","decl":{"start":{"line":5,"column":41},"end":{"line":5,"column":42}},"loc":{"start":{"line":10,"column":2},"end":{"line":40,"column":null}}}},"branchMap":{"0":{"loc":{"start":{"line":8,"column":2},"end":{"line":8,"column":17}},"type":"default-arg","locations":[{"start":{"line":8,"column":9},"end":{"line":8,"column":17}}]}},"s":{"0":1,"1":1,"2":1,"3":1},"f":{"0":1},"b":{"0":[1]}}
}
